#
# A fatal error has been detected by the Java Runtime Environment:
#
#  Internal Error (classFileParser.cpp:3375), pid=6284, tid=5988
#  Error: ShouldNotReachHere()
#
# JRE version: 6.0_24-b07
# Java VM: Java HotSpot(TM) 64-Bit Server VM (19.1-b02 mixed mode windows-amd64 compressed oops)
# If you would like to submit a bug report, please visit:
#   http://java.sun.com/webapps/bugreport/crash.jsp
#

---------------  T H R E A D  ---------------

Current thread (0x000000000052b800):  JavaThread "Unknown thread" [_thread_in_vm, id=5988, stack(0x0000000002520000,0x0000000002620000)]

Stack: [0x0000000002520000,0x0000000002620000]
[error occurred during error reporting (printing stack bounds), id 0xc0000005]


---------------  P R O C E S S  ---------------

Java Threads: ( => current thread )

Other Threads:

=>0x000000000052b800 (exited) JavaThread "Unknown thread" [_thread_in_vm, id=5988, stack(0x0000000002520000,0x0000000002620000)]

VM state:not at safepoint (not fully initialized)

VM Mutex/Monitor currently owned by a thread: None

Dynamic libraries:
0x0000000000400000 - 0x000000000042e000 	C:\ProgramFiles\Java\jdk_1.6.24\bin\javaw.exe
0x0000000077840000 - 0x00000000779e9000 	C:\Windows\SYSTEM32\ntdll.dll
0x0000000077720000 - 0x000000007783f000 	C:\Windows\system32\kernel32.dll
0x000007fefdaf0000 - 0x000007fefdb5b000 	C:\Windows\system32\KERNELBASE.dll
0x000007fefe8f0000 - 0x000007fefe9cb000 	C:\Windows\system32\ADVAPI32.dll
0x000007fefeff0000 - 0x000007feff08f000 	C:\Windows\system32\msvcrt.dll
0x000007feffa20000 - 0x000007feffa3f000 	C:\Windows\SYSTEM32\sechost.dll
0x000007feff8d0000 - 0x000007feff9fd000 	C:\Windows\system32\RPCRT4.dll
0x0000000077620000 - 0x000000007771a000 	C:\Windows\system32\USER32.dll
0x000007feffae0000 - 0x000007feffb47000 	C:\Windows\system32\GDI32.dll
0x000007fefeb50000 - 0x000007fefeb5e000 	C:\Windows\system32\LPK.dll
0x000007feff090000 - 0x000007feff159000 	C:\Windows\system32\USP10.dll
0x000007fefece0000 - 0x000007fefed0e000 	C:\Windows\system32\IMM32.DLL
0x000007feff160000 - 0x000007feff269000 	C:\Windows\system32\MSCTF.dll
0x000000006d890000 - 0x000000006df94000 	C:\ProgramFiles\Java\jdk_1.6.24\jre\bin\server\jvm.dll
0x000007fefb280000 - 0x000007fefb2bb000 	C:\Windows\system32\WINMM.dll
0x000000006d800000 - 0x000000006d80e000 	C:\ProgramFiles\Java\jdk_1.6.24\jre\bin\verify.dll
0x000000006d450000 - 0x000000006d477000 	C:\ProgramFiles\Java\jdk_1.6.24\jre\bin\java.dll
0x000000006d3b0000 - 0x000000006d3ba000 	C:\ProgramFiles\Java\jdk_1.6.24\jre\bin\hpi.dll
0x0000000077a00000 - 0x0000000077a07000 	C:\Windows\system32\PSAPI.DLL
0x000000006d850000 - 0x000000006d862000 	C:\ProgramFiles\Java\jdk_1.6.24\jre\bin\zip.dll

VM Arguments:
jvm_args: -Dfile.encoding=UTF-8 -Xbootclasspath:C:\ProgramFiles\Android\android-sdk-windows\platforms\android-18\android.jar 
java_command: atmosphere.android.util.internet.Get
Launcher Type: SUN_STANDARD

Environment Variables:
JAVA_HOME=C:\ProgramFiles\Java\jdk_1.6.24
PATH=C:\Program Files\Common Files\Microsoft Shared\Windows Live;C:\Program Files (x86)\Common Files\Microsoft Shared\Windows Live;C:\Program Files (x86)\NVIDIA Corporation\PhysX\Common;C:\Windows\system32;C:\Windows;C:\Windows\System32\Wbem;C:\Windows\System32\WindowsPowerShell\v1.0\;C:\ProgramFiles\Java\jdk_1.6.24\bin;C:\Program Files (x86)\Windows Live\Shared;C:\Program Files (x86)\Git\cmd;C:\ProgramFiles\vertx\vert.x-1.3.1.final\bin;C:\ProgramFiles\Android\android-sdk-windows\platform-tools;C:\Ruby192\bin
USERNAME=motegi
OS=Windows_NT
PROCESSOR_IDENTIFIER=Intel64 Family 6 Model 42 Stepping 7, GenuineIntel



---------------  S Y S T E M  ---------------

OS: Windows 7 Build 7601 Service Pack 1

CPU:total 8 (4 cores per cpu, 2 threads per core) family 6 model 42 stepping 7, cmov, cx8, fxsr, mmx, sse, sse2, sse3, ssse3, sse4.1, sse4.2, popcnt, ht

Memory: 4k page, physical 8369712k(5456264k free), swap 16737560k(13512512k free)

vm_info: Java HotSpot(TM) 64-Bit Server VM (19.1-b02) for windows-amd64 JRE (1.6.0_24-b07), built on Feb  2 2011 16:25:45 by "java_re" with MS VC++ 8.0 (VS2005)

time: Mon Oct 14 23:41:30 2013
elapsed time: 0 seconds

